AH00558: httpd: Could not reliably determine the server's fully qualified domain name, using fe80::7ff9:a67a:65a6:7916. Set the 'ServerName' directive globally to suppress this message
[Tue Nov 22 23:30:45.445898 2022] [mpm_winnt:notice] [pid 4148:tid 412] AH00455: Apache/2.4.54 (Win64) PHP/8.1.12 configured -- resuming normal operations
[Tue Nov 22 23:30:45.445898 2022] [mpm_winnt:notice] [pid 4148:tid 412] AH00456: Apache Lounge VS17 Server built: Nov 10 2022 11:16:17
[Tue Nov 22 23:30:45.445898 2022] [core:notice] [pid 4148:tid 412] AH00094: Command line: 'httpd -d C:/apoSMK/webserver'
[Tue Nov 22 23:30:45.450897 2022] [mpm_winnt:notice] [pid 4148:tid 412] AH00418: Parent: Created child process 9372
AH00558: httpd.exe: Could not reliably determine the server's fully qualified domain name, using fe80::7ff9:a67a:65a6:7916. Set the 'ServerName' directive globally to suppress this message
Apache server interrupted...
 reliably determine the server's fully qualified domain name, using fe80::7ff9:a67a:65a6:7916. Set the 'ServerName' directive globally to suppress this message
[Tue Nov 22 23:30:46.097497 2022] [mpm_winnt:notice] [pid 9372:tid 424] AH00354: Child: Starting 64 worker threads.
[Tue Nov 22 23:48:23.966382 2022] [mpm_winnt:notice] [pid 4148:tid 412] AH00422: Parent: Received shutdown signal -- Shutting down the server.
Apache server interrupted...
Apache server interrupted...
Apache server interrupted...
[Tue Nov 22 23:48:25.979137 2022] [mpm_winnt:notice] [pid 9372:tid 424] AH00364: Child: All worker threads have exited.
[Tue Nov 22 23:48:26.209996 2022] [mpm_winnt:notice] [pid 4148:tid 412] AH00430: Parent: Child process 9372 exited successfully.
AH00558: httpd: Could not reliably determine the server's fully qualified domain name, using fe80::7ff9:a67a:65a6:7916. Set the 'ServerName' directive globally to suppress this message
[Tue Nov 22 23:50:41.445235 2022] [mpm_winnt:notice] [pid 6404:tid 436] AH00455: Apache/2.4.54 (Win64) PHP/8.1.12 configured -- resuming normal operations
[Tue Nov 22 23:50:41.445235 2022] [mpm_winnt:notice] [pid 6404:tid 436] AH00456: Apache Lounge VS17 Server built: Nov 10 2022 11:16:17
[Tue Nov 22 23:50:41.445235 2022] [core:notice] [pid 6404:tid 436] AH00094: Command line: 'httpd -d C:/apoSMK/webserver'
[Tue Nov 22 23:50:41.449233 2022] [mpm_winnt:notice] [pid 6404:tid 436] AH00418: Parent: Created child process 1864
AH00558: httpd.exe: Could not reliably determine the server's fully qualified domain name, using fe80::7ff9:a67a:65a6:7916. Set the 'ServerName' directive globally to suppress this message
Apache server interrupted...
 reliably determine the server's fully qualified domain name, using fe80::7ff9:a67a:65a6:7916. Set the 'ServerName' directive globally to suppress this message
[Tue Nov 22 23:50:42.229750 2022] [mpm_winnt:notice] [pid 1864:tid 460] AH00354: Child: Starting 64 worker threads.
[Tue Nov 22 23:51:46.252188 2022] [mpm_winnt:notice] [pid 6404:tid 436] AH00422: Parent: Received shutdown signal -- Shutting down the server.
Apache server interrupted...
Apache server interrupted...
Apache server interrupted...
Apache server interrupted...
Apache server interrupted...
Apache server interrupted...
Apache server interrupted...
Apache server shutdown initiated...
[Tue Nov 22 23:51:57.722100 2022] [mpm_winnt:notice] [pid 1864:tid 460] AH00364: Child: All worker threads have exited.
AH00558: httpd: Could not reliably determine the server's fully qualified domain name, using fe80::7ff9:a67a:65a6:7916. Set the 'ServerName' directive globally to suppress this message
[Tue Nov 22 23:52:10.343299 2022] [core:warn] [pid 8336:tid 428] AH00098: pid file C:/apoSMK/webserver/logs/httpd.pid overwritten -- Unclean shutdown of previous Apache run?
[Tue Nov 22 23:52:10.377280 2022] [mpm_winnt:notice] [pid 8336:tid 428] AH00455: Apache/2.4.54 (Win64) PHP/8.1.12 configured -- resuming normal operations
[Tue Nov 22 23:52:10.377280 2022] [mpm_winnt:notice] [pid 8336:tid 428] AH00456: Apache Lounge VS17 Server built: Nov 10 2022 11:16:17
[Tue Nov 22 23:52:10.377280 2022] [core:notice] [pid 8336:tid 428] AH00094: Command line: 'httpd -d C:/apoSMK/webserver'
[Tue Nov 22 23:52:10.381278 2022] [mpm_winnt:notice] [pid 8336:tid 428] AH00418: Parent: Created child process 8180
AH00558: httpd.exe: Could not reliably determine the server's fully qualified domain name, using fe80::7ff9:a67a:65a6:7916. Set the 'ServerName' directive globally to suppress this message
AH00558: httpd.exe: Could not reliably determine the server's fully qualified domain name, using fe80::7ff9:a67a:65a6:7916. Set the 'ServerName' directive globally to suppress this message
